Merging  ['/Users/researchgroup/research/topic_model/old_files/pmi_train/wikipedia/wiki_model_18000.dat', '/Users/researchgroup/research/topic_model/old_files/pmi_train/wikipedia/wiki_model_19000.dat']  
 into 
/Users/researchgroup/research/topic_model/data/wiki_ngram/wiki_modelmerge_18-19.dat
2016-09-23 04:29:30.345611 Merging files
Reading  /Users/researchgroup/research/topic_model/old_files/pmi_train/wikipedia/wiki_model_18000.dat
68174037 keys to merge
2016-09-23 04:32:25.044377 Merging  /Users/researchgroup/research/topic_model/old_files/pmi_train/wikipedia/wiki_model_19000.dat
So far: 116604249 bigrams
2016-09-23 04:40:20.190970 Saving file in plain text
2016-09-23 04:52:48.009269 Done
Merging  ['/Users/researchgroup/research/topic_model/data/wiki_ngram/wiki_modelmerge_18-19.dat', '/Users/researchgroup/research/topic_model/old_files/pmi_train/wikipedia/wiki_model_20000.dat']  
 into 
/Users/researchgroup/research/topic_model/data/wiki_ngram/wiki_modelmerge_18-20.dat
2016-09-23 14:01:22.545557 Merging files
Reading  /Users/researchgroup/research/topic_model/data/wiki_ngram/wiki_modelmerge_18-19.dat
116604249 keys to merge
2016-09-23 14:06:30.855780 Merging  /Users/researchgroup/research/topic_model/old_files/pmi_train/wikipedia/wiki_model_20000.dat
So far: 159249428 bigrams
2016-09-23 14:14:17.163605 Saving file in plain text
2016-09-23 14:30:29.712414 Done
