09/15/2014 07:37:22 PM Reading files...
09/15/2014 07:37:22 PM Reading file number 1. So far: words:0, ngrams:0
09/15/2014 08:01:16 PM Reading word Dictionary
09/15/2014 08:53:14 PM Reading word Dictionary
09/15/2014 08:54:05 PM Reading files...
09/15/2014 08:54:05 PM Reading file number 1. So far: words:2321736, ngrams:0
09/21/2014 12:40:39 AM Calculating PMIs...
09/21/2014 12:43:27 AM Calculating PMIs...
09/21/2014 11:40:39 PM Calculating PMIs...
09/21/2014 11:54:09 PM Calculating PMIs...
09/21/2014 11:56:55 PM Calculating PMIs...
09/22/2014 12:07:38 AM Calculating PMIs...
09/22/2014 12:09:09 AM Calculating PMIs...
09/22/2014 12:11:09 AM Calculating PMIs...
09/22/2014 04:52:43 PM Calculating PMIs...
09/22/2014 04:54:44 PM Calculating PMIs...
09/22/2014 04:58:45 PM Calculating PMIs...
09/22/2014 05:00:32 PM Calculating PMIs...
09/22/2014 05:05:17 PM Calculating PMIs...
09/22/2014 05:05:19 PM Time Elapsed:0:00:49.877675
09/22/2014 05:07:10 PM Calculating PMIs...
09/22/2014 05:07:11 PM Time Elapsed:0:00:48.794346
09/22/2014 05:13:45 PM Calculating PMIs...
09/22/2014 05:17:46 PM Time Elapsed:0:04:50.932472
